<?xml version='1.0' encoding='UTF-8'?>
<testsuite hostname="Heno" name="Mux5Test" tests="1" errors="0" failures="1" skipped="0" time="1.843" timestamp="2023-12-16T17:33:40">
          <properties>
[...]
</properties>
          <testcase classname="Mux5Test" name="Mux5 should pass" time="1.843">
                      <failure message="io_y=1 (0x1) did not equal expected=144 (0x90) (lines in Mux5Test.scala: 20, 18, 11, 7)" type="org.scalatest.exceptions.TestFailedException">org.scalatest.exceptions.TestFailedException: io_y=1 (0x1) did not equal expected=144 (0x90) (lines in Mux5Test.scala: 20, 18, 11, 7)
	at chiseltest.internal.TestEnvInterface.signalExpectFailure(TestEnvInterface.scala:60)
	at chiseltest.internal.TestEnvInterface.signalExpectFailure$(TestEnvInterface.scala:45)
	at Mux5Test.signalExpectFailure(Mux5Test.scala:5)
	at chiseltest.package$Utils$.expectFailed(package.scala:499)
	at chiseltest.package$Utils$.expectBits(package.scala:490)
	at chiseltest.package$testableUInt.expectInternal(package.scala:55)
	at chiseltest.package$testableUInt.expect(package.scala:57)
	at Mux5Test.$anonfun$new$7(Mux5Test.scala:20)
	at scala.collection.immutable.Range.foreach$mVc$sp(Range.scala:190)
	at Mux5Test.$anonfun$new$6(Mux5Test.scala:18)
	at scala.collection.immutable.Range.foreach$mVc$sp(Range.scala:190)
	at Mux5Test.$anonfun$new$3(Mux5Test.scala:11)
	at Mux5Test.$anonfun$new$3$adapted(Mux5Test.scala:7)
	at chiseltest.internal.GenericBackend.$anonfun$run$1(GenericBackend.scala:153)
	at chiseltest.internal.ThreadedBackend$TesterThread$$anon$1.$anonfun$run$1(ThreadedBackend.scala:495)
	at chiseltest.internal.GenericBackend.doTimescope(GenericBackend.scala:98)
	at chiseltest.internal.ThreadedBackend$TesterThread$$anon$1.run(ThreadedBackend.scala:495)
	at java.base/java.lang.Thread.run(Thread.java:1589)
Caused by: chiseltest.internal.FailedExpectException: io_y=1 (0x1) did not equal expected=144 (0x90) (lines in Mux5Test.scala: 20, 18, 11, 7)
	... 18 more
</failure>
                    </testcase>
          <system-out><![CDATA[]]></system-out>
          <system-err><![CDATA[]]></system-err>
        </testsuite>